ERROR 2025-05-31 19:14:29,867 log Internal Server Error: /auth/password-reset/
Traceback (most recent call last):
  File "D:\Kuliah\sport\venv\Lib\site-packages\django\template\base.py", line 510, in parse
    compile_func = self.tags[command]
                   ~~~~~~~~~^^^^^^^^^
KeyError: 'trans'

During handling of the above exception, another exception occurred:

Traceback (most recent call last):
  File "D:\Kuliah\sport\venv\Lib\site-packages\django\core\handlers\exception.py", line 55, in inner
    response = get_response(request)
  File "D:\Kuliah\sport\venv\Lib\site-packages\django\core\handlers\base.py", line 197, in _get_response
    response = wrapped_callback(request, *callback_args, **callback_kwargs)
  File "D:\Kuliah\sport\venv\Lib\site-packages\django\views\generic\base.py", line 104, in view
    return self.dispatch(request, *args, **kwargs)
           ~~~~~~~~~~~~~^^^^^^^^^^^^^^^^^^^^^^^^^^
  File "D:\Kuliah\sport\venv\Lib\site-packages\django\utils\decorators.py", line 48, in _wrapper
    return bound_method(*args, **kwargs)
  File "D:\Kuliah\sport\venv\Lib\site-packages\django\utils\decorators.py", line 48, in _wrapper
    return bound_method(*args, **kwargs)
  File "D:\Kuliah\sport\venv\Lib\site-packages\django\utils\decorators.py", line 192, in _view_wrapper
    result = _process_exception(request, e)
  File "D:\Kuliah\sport\venv\Lib\site-packages\django\utils\decorators.py", line 190, in _view_wrapper
    response = view_func(request, *args, **kwargs)
  File "D:\Kuliah\sport\venv\Lib\site-packages\django\contrib\auth\views.py", line 229, in dispatch
    return super().dispatch(*args, **kwargs)
           ~~~~~~~~~~~~~~~~^^^^^^^^^^^^^^^^^
  File "D:\Kuliah\sport\venv\Lib\site-packages\django\views\generic\base.py", line 143, in dispatch
    return handler(request, *args, **kwargs)
  File "D:\Kuliah\sport\venv\Lib\site-packages\django\views\generic\edit.py", line 151, in post
    return self.form_valid(form)
           ~~~~~~~~~~~~~~~^^^^^^
  File "D:\Kuliah\sport\venv\Lib\site-packages\django\contrib\auth\views.py", line 242, in form_valid
    form.save(**opts)
    ~~~~~~~~~^^^^^^^^
  File "D:\Kuliah\sport\venv\Lib\site-packages\django\contrib\auth\forms.py", line 498, in save
    self.send_mail(
    ~~~~~~~~~~~~~~^
        subject_template_name,
        ^^^^^^^^^^^^^^^^^^^^^^
    ...<4 lines>...
        html_email_template_name=html_email_template_name,
        ^^^^^^^^^^^^^^^^^^^^^^^^^^^^^^^^^^^^^^^^^^^^^^^^^^
    )
    ^
  File "D:\Kuliah\sport\sport2\accounts\forms.py", line 56, in send_mail
    email_html_message = render_to_string(
        'accounts/emails/password_reset_email.html',
        context
    )
  File "D:\Kuliah\sport\venv\Lib\site-packages\django\template\loader.py", line 61, in render_to_string
    template = get_template(template_name, using=using)
  File "D:\Kuliah\sport\venv\Lib\site-packages\django\template\loader.py", line 15, in get_template
    return engine.get_template(template_name)
           ~~~~~~~~~~~~~~~~~~~^^^^^^^^^^^^^^^
  File "D:\Kuliah\sport\venv\Lib\site-packages\django\template\backends\django.py", line 79, in get_template
    return Template(self.engine.get_template(template_name), self)
                    ~~~~~~~~~~~~~~~~~~~~~~~~^^^^^^^^^^^^^^^
  File "D:\Kuliah\sport\venv\Lib\site-packages\django\template\engine.py", line 177, in get_template
    template, origin = self.find_template(template_name)
                       ~~~~~~~~~~~~~~~~~~^^^^^^^^^^^^^^^
  File "D:\Kuliah\sport\venv\Lib\site-packages\django\template\engine.py", line 159, in find_template
    template = loader.get_template(name, skip=skip)
  File "D:\Kuliah\sport\venv\Lib\site-packages\django\template\loaders\cached.py", line 57, in get_template
    template = super().get_template(template_name, skip)
  File "D:\Kuliah\sport\venv\Lib\site-packages\django\template\loaders\base.py", line 28, in get_template
    return Template(
        contents,
    ...<2 lines>...
        self.engine,
    )
  File "D:\Kuliah\sport\venv\Lib\site-packages\django\template\base.py", line 154, in __init__
    self.nodelist = self.compile_nodelist()
                    ~~~~~~~~~~~~~~~~~~~~~^^
  File "D:\Kuliah\sport\venv\Lib\site-packages\django\template\base.py", line 196, in compile_nodelist
    nodelist = parser.parse()
  File "D:\Kuliah\sport\venv\Lib\site-packages\django\template\base.py", line 512, in parse
    self.invalid_block_tag(token, command, parse_until)
    ~~~~~~~~~~~~~~~~~~~~~~^^^^^^^^^^^^^^^^^^^^^^^^^^^^^
  File "D:\Kuliah\sport\venv\Lib\site-packages\django\template\base.py", line 577, in invalid_block_tag
    raise self.error(
    ...<3 lines>...
    )
django.template.exceptions.TemplateSyntaxError: Invalid block tag on line 5: 'trans'. Did you forget to register or load this tag?
ERROR 2025-05-31 19:14:29,888 basehttp "POST /auth/password-reset/ HTTP/1.1" 500 209759
ERROR 2025-05-31 19:17:14,692 log Internal Server Error: /auth/register/
Traceback (most recent call last):
  File "D:\Kuliah\sport\venv\Lib\site-packages\django\core\handlers\exception.py", line 55, in inner
    response = get_response(request)
  File "D:\Kuliah\sport\venv\Lib\site-packages\django\core\handlers\base.py", line 197, in _get_response
    response = wrapped_callback(request, *callback_args, **callback_kwargs)
  File "D:\Kuliah\sport\sport2\accounts\views.py", line 55, in register_view
    return redirect('booking:home')
  File "D:\Kuliah\sport\venv\Lib\site-packages\django\shortcuts.py", line 51, in redirect
    resolve_url(to, *args, **kwargs),
    ~~~~~~~~~~~^^^^^^^^^^^^^^^^^^^^^
  File "D:\Kuliah\sport\venv\Lib\site-packages\django\shortcuts.py", line 184, in resolve_url
    return reverse(to, args=args, kwargs=kwargs)
  File "D:\Kuliah\sport\venv\Lib\site-packages\django\urls\base.py", line 98, in reverse
    resolved_url = resolver._reverse_with_prefix(view, prefix, *args, **kwargs)
  File "D:\Kuliah\sport\venv\Lib\site-packages\django\urls\resolvers.py", line 831, in _reverse_with_prefix
    raise NoReverseMatch(msg)
django.urls.exceptions.NoReverseMatch: Reverse for 'home' not found. 'home' is not a valid view function or pattern name.
ERROR 2025-05-31 19:17:14,698 basehttp "POST /auth/register/ HTTP/1.1" 500 88280
ERROR 2025-05-31 19:35:00,292 basehttp You're accessing the development server over HTTPS, but it only supports HTTP.
ERROR 2025-05-31 19:35:00,550 basehttp You're accessing the development server over HTTPS, but it only supports HTTP.
ERROR 2025-05-31 19:35:00,612 basehttp You're accessing the development server over HTTPS, but it only supports HTTP.
ERROR 2025-05-31 19:35:00,862 basehttp You're accessing the development server over HTTPS, but it only supports HTTP.
ERROR 2025-05-31 19:43:00,543 log Internal Server Error: /admin/submissions/fieldsubmission/approve/9/
Traceback (most recent call last):
  File "D:\Kuliah\sport\venv\Lib\site-packages\django\core\handlers\exception.py", line 55, in inner
    response = get_response(request)
  File "D:\Kuliah\sport\venv\Lib\site-packages\django\core\handlers\base.py", line 197, in _get_response
    response = wrapped_callback(request, *callback_args, **callback_kwargs)
  File "D:\Kuliah\sport\venv\Lib\site-packages\django\utils\decorators.py", line 192, in _view_wrapper
    result = _process_exception(request, e)
  File "D:\Kuliah\sport\venv\Lib\site-packages\django\utils\decorators.py", line 190, in _view_wrapper
    response = view_func(request, *args, **kwargs)
  File "D:\Kuliah\sport\venv\Lib\site-packages\django\views\decorators\cache.py", line 80, in _view_wrapper
    response = view_func(request, *args, **kwargs)
  File "D:\Kuliah\sport\venv\Lib\site-packages\django\contrib\admin\sites.py", line 246, in inner
    return view(request, *args, **kwargs)
  File "D:\Kuliah\sport\sport2\submissions\admin.py", line 85, in approve_submission
    'verification_url': f"http://localhost:8000/auth/verify-email/{user.email_verification_token}/"
                                                                   ^^^^^^^^^^^^^^^^^^^^^^^^^^^^^
AttributeError: 'CustomUser' object has no attribute 'email_verification_token'. Did you mean: 'emailverificationtoken_set'?
ERROR 2025-05-31 19:43:00,550 basehttp "GET /admin/submissions/fieldsubmission/approve/9/ HTTP/1.1" 500 89253
ERROR 2025-05-31 19:54:45,557 log Internal Server Error: /ajukan-lapangan/
Traceback (most recent call last):
  File "D:\Kuliah\sport\venv\Lib\site-packages\django\core\handlers\exception.py", line 55, in inner
    response = get_response(request)
  File "D:\Kuliah\sport\venv\Lib\site-packages\django\core\handlers\base.py", line 197, in _get_response
    response = wrapped_callback(request, *callback_args, **callback_kwargs)
  File "D:\Kuliah\sport\sport2\submissions\views.py", line 9, in submit_field_view
    if form.is_valid():
       ~~~~~~~~~~~~~^^
  File "D:\Kuliah\sport\venv\Lib\site-packages\django\forms\forms.py", line 206, in is_valid
    return self.is_bound and not self.errors
                                 ^^^^^^^^^^^
  File "D:\Kuliah\sport\venv\Lib\site-packages\django\forms\forms.py", line 201, in errors
    self.full_clean()
    ~~~~~~~~~~~~~~~^^
  File "D:\Kuliah\sport\venv\Lib\site-packages\django\forms\forms.py", line 337, in full_clean
    self._clean_fields()
    ~~~~~~~~~~~~~~~~~~^^
  File "D:\Kuliah\sport\venv\Lib\site-packages\django\forms\forms.py", line 347, in _clean_fields
    value = getattr(self, "clean_%s" % name)()
  File "D:\Kuliah\sport\sport2\submissions\forms.py", line 9, in clean_username
    if User.objects.filter(username=username).exists():
       ^^^^
NameError: name 'User' is not defined
ERROR 2025-05-31 19:54:45,564 basehttp "POST /ajukan-lapangan/ HTTP/1.1" 500 89713
ERROR 2025-05-31 19:55:24,776 log Internal Server Error: /admin/submissions/fieldsubmission/approve/10/
Traceback (most recent call last):
  File "D:\Kuliah\sport\venv\Lib\site-packages\django\core\handlers\exception.py", line 55, in inner
    response = get_response(request)
  File "D:\Kuliah\sport\venv\Lib\site-packages\django\core\handlers\base.py", line 197, in _get_response
    response = wrapped_callback(request, *callback_args, **callback_kwargs)
  File "D:\Kuliah\sport\venv\Lib\site-packages\django\utils\decorators.py", line 192, in _view_wrapper
    result = _process_exception(request, e)
  File "D:\Kuliah\sport\venv\Lib\site-packages\django\utils\decorators.py", line 190, in _view_wrapper
    response = view_func(request, *args, **kwargs)
  File "D:\Kuliah\sport\venv\Lib\site-packages\django\views\decorators\cache.py", line 80, in _view_wrapper
    response = view_func(request, *args, **kwargs)
  File "D:\Kuliah\sport\venv\Lib\site-packages\django\contrib\admin\sites.py", line 246, in inner
    return view(request, *args, **kwargs)
  File "D:\Kuliah\sport\sport2\submissions\admin.py", line 85, in approve_submission
    'username': username,
                ^^^^^^^^
NameError: name 'username' is not defined
ERROR 2025-05-31 19:55:24,783 basehttp "GET /admin/submissions/fieldsubmission/approve/10/ HTTP/1.1" 500 89139
ERROR 2025-05-31 19:59:06,023 log Internal Server Error: /admin/submissions/fieldsubmission/approve/11/
Traceback (most recent call last):
  File "D:\Kuliah\sport\venv\Lib\site-packages\django\core\handlers\exception.py", line 55, in inner
    response = get_response(request)
  File "D:\Kuliah\sport\venv\Lib\site-packages\django\core\handlers\base.py", line 197, in _get_response
    response = wrapped_callback(request, *callback_args, **callback_kwargs)
  File "D:\Kuliah\sport\venv\Lib\site-packages\django\utils\decorators.py", line 192, in _view_wrapper
    result = _process_exception(request, e)
  File "D:\Kuliah\sport\venv\Lib\site-packages\django\utils\decorators.py", line 190, in _view_wrapper
    response = view_func(request, *args, **kwargs)
  File "D:\Kuliah\sport\venv\Lib\site-packages\django\views\decorators\cache.py", line 80, in _view_wrapper
    response = view_func(request, *args, **kwargs)
  File "D:\Kuliah\sport\venv\Lib\site-packages\django\contrib\admin\sites.py", line 246, in inner
    return view(request, *args, **kwargs)
  File "D:\Kuliah\sport\sport2\submissions\admin.py", line 98, in approve_submission
    Username: {username}
               ^^^^^^^^
NameError: name 'username' is not defined
ERROR 2025-05-31 19:59:06,029 basehttp "GET /admin/submissions/fieldsubmission/approve/11/ HTTP/1.1" 500 93763
ERROR 2025-05-31 20:40:23,669 log Internal Server Error: /auth/password-reset-confirm/MjM/set-password/
Traceback (most recent call last):
  File "D:\Kuliah\sport\venv\Lib\site-packages\django\core\handlers\exception.py", line 55, in inner
    response = get_response(request)
  File "D:\Kuliah\sport\venv\Lib\site-packages\django\core\handlers\base.py", line 197, in _get_response
    response = wrapped_callback(request, *callback_args, **callback_kwargs)
  File "D:\Kuliah\sport\venv\Lib\site-packages\django\views\generic\base.py", line 104, in view
    return self.dispatch(request, *args, **kwargs)
           ~~~~~~~~~~~~~^^^^^^^^^^^^^^^^^^^^^^^^^^
  File "D:\Kuliah\sport\venv\Lib\site-packages\django\utils\decorators.py", line 48, in _wrapper
    return bound_method(*args, **kwargs)
  File "D:\Kuliah\sport\venv\Lib\site-packages\django\views\decorators\debug.py", line 143, in sensitive_post_parameters_wrapper
    return view(request, *args, **kwargs)
  File "D:\Kuliah\sport\sport2\accounts\views.py", line 218, in dispatch
    return self.render_to_response(self.get_context_data())
                                   ~~~~~~~~~~~~~~~~~~~~~^^
  File "D:\Kuliah\sport\sport2\accounts\views.py", line 238, in get_context_data
    context = super().get_context_data(**kwargs)
  File "D:\Kuliah\sport\venv\Lib\site-packages\django\contrib\auth\views.py", line 329, in get_context_data
    context = super().get_context_data(**kwargs)
  File "D:\Kuliah\sport\venv\Lib\site-packages\django\contrib\auth\views.py", line 207, in get_context_data
    context = super().get_context_data(**kwargs)
  File "D:\Kuliah\sport\venv\Lib\site-packages\django\views\generic\edit.py", line 72, in get_context_data
    kwargs["form"] = self.get_form()
                     ~~~~~~~~~~~~~^^
  File "D:\Kuliah\sport\venv\Lib\site-packages\django\views\generic\edit.py", line 37, in get_form
    return form_class(**self.get_form_kwargs())
                        ~~~~~~~~~~~~~~~~~~~~^^
  File "D:\Kuliah\sport\sport2\accounts\views.py", line 233, in get_form_kwargs
    kwargs = super().get_form_kwargs()
  File "D:\Kuliah\sport\venv\Lib\site-packages\django\contrib\auth\views.py", line 318, in get_form_kwargs
    kwargs["user"] = self.user
                     ^^^^^^^^^
AttributeError: 'CustomPasswordResetConfirmView' object has no attribute 'user'. Did you mean: '_user'?
ERROR 2025-05-31 20:40:23,684 basehttp "GET /auth/password-reset-confirm/MjM/set-password/ HTTP/1.1" 500 111433
ERROR 2025-05-31 20:46:46,592 log Internal Server Error: /auth/password-reset-confirm/MjM/set-password/
Traceback (most recent call last):
  File "D:\Kuliah\sport\venv\Lib\site-packages\django\contrib\messages\api.py", line 27, in add_message
    messages = request._messages
               ^^^^^^^^^^^^^^^^^
AttributeError: 'NoneType' object has no attribute '_messages'

During handling of the above exception, another exception occurred:

Traceback (most recent call last):
  File "D:\Kuliah\sport\venv\Lib\site-packages\django\core\handlers\exception.py", line 55, in inner
    response = get_response(request)
  File "D:\Kuliah\sport\venv\Lib\site-packages\django\core\handlers\base.py", line 197, in _get_response
    response = wrapped_callback(request, *callback_args, **callback_kwargs)
  File "D:\Kuliah\sport\venv\Lib\site-packages\django\views\generic\base.py", line 104, in view
    return self.dispatch(request, *args, **kwargs)
           ~~~~~~~~~~~~~^^^^^^^^^^^^^^^^^^^^^^^^^^
  File "D:\Kuliah\sport\venv\Lib\site-packages\django\utils\decorators.py", line 48, in _wrapper
    return bound_method(*args, **kwargs)
  File "D:\Kuliah\sport\venv\Lib\site-packages\django\utils\decorators.py", line 48, in _wrapper
    return bound_method(*args, **kwargs)
  File "D:\Kuliah\sport\venv\Lib\site-packages\django\views\decorators\debug.py", line 143, in sensitive_post_parameters_wrapper
    return view(request, *args, **kwargs)
  File "D:\Kuliah\sport\venv\Lib\site-packages\django\utils\decorators.py", line 48, in _wrapper
    return bound_method(*args, **kwargs)
  File "D:\Kuliah\sport\venv\Lib\site-packages\django\views\decorators\cache.py", line 80, in _view_wrapper
    response = view_func(request, *args, **kwargs)
  File "D:\Kuliah\sport\venv\Lib\site-packages\django\contrib\auth\views.py", line 284, in dispatch
    return super().dispatch(*args, **kwargs)
           ~~~~~~~~~~~~~~~~^^^^^^^^^^^^^^^^^
  File "D:\Kuliah\sport\venv\Lib\site-packages\django\views\generic\base.py", line 143, in dispatch
    return handler(request, *args, **kwargs)
  File "D:\Kuliah\sport\sport2\accounts\views.py", line 222, in get
    return self.render_to_response(self.get_context_data())
                                   ~~~~~~~~~~~~~~~~~~~~~^^
  File "D:\Kuliah\sport\sport2\accounts\views.py", line 291, in get_context_data
    messages.error(self._request, 'Link reset password tidak valid, sudah kadaluarsa, atau sudah digunakan. Silakan minta link reset password baru.')
    ~~~~~~~~~~~~~~^^^^^^^^^^^^^^^^^^^^^^^^^^^^^^^^^^^^^^^^^^^^^^^^^^^^^^^^^^^^^^^^^^^^^^^^^^^^^^^^^^^^^^^^^^^^^^^^^^^^^^^^^^^^^^^^^^^^^^^^^^^^^^^^^^^
  File "D:\Kuliah\sport\venv\Lib\site-packages\django\contrib\messages\api.py", line 121, in error
    add_message(
    ~~~~~~~~~~~^
        request,
        ^^^^^^^^
    ...<3 lines>...
        fail_silently=fail_silently,
        ^^^^^^^^^^^^^^^^^^^^^^^^^^^^
    )
    ^
  File "D:\Kuliah\sport\venv\Lib\site-packages\django\contrib\messages\api.py", line 30, in add_message
    raise TypeError(
    ...<2 lines>...
    )
TypeError: add_message() argument must be an HttpRequest object, not 'NoneType'.
ERROR 2025-05-31 20:46:46,606 basehttp "GET /auth/password-reset-confirm/MjM/set-password/ HTTP/1.1" 500 125499
ERROR 2025-05-31 20:50:15,166 log Internal Server Error: /auth/password-reset-confirm/MjM/cqopuy-f0a103aa5dd0c12f87ac450fbf858e96/
Traceback (most recent call last):
  File "D:\Kuliah\sport\venv\Lib\site-packages\django\core\handlers\exception.py", line 55, in inner
    response = get_response(request)
  File "D:\Kuliah\sport\venv\Lib\site-packages\django\core\handlers\base.py", line 197, in _get_response
    response = wrapped_callback(request, *callback_args, **callback_kwargs)
  File "D:\Kuliah\sport\venv\Lib\site-packages\django\views\generic\base.py", line 104, in view
    return self.dispatch(request, *args, **kwargs)
           ~~~~~~~~~~~~~^^^^^^^^^^^^^^^^^^^^^^^^^^
  File "D:\Kuliah\sport\sport2\accounts\views.py", line 209, in dispatch
    return self.post(request, *args, **kwargs)
           ~~~~~~~~~^^^^^^^^^^^^^^^^^^^^^^^^^^
  File "D:\Kuliah\sport\sport2\accounts\views.py", line 257, in post
    return self.form_valid(form)
           ~~~~~~~~~~~~~~~^^^^^^
  File "D:\Kuliah\sport\sport2\accounts\views.py", line 296, in form_valid
    return super().form_valid(form)
           ~~~~~~~~~~~~~~~~~~^^^^^^
  File "D:\Kuliah\sport\venv\Lib\site-packages\django\contrib\auth\views.py", line 323, in form_valid
    del self.request.session[INTERNAL_RESET_SESSION_TOKEN]
        ~~~~~~~~~~~~~~~~~~~~^^^^^^^^^^^^^^^^^^^^^^^^^^^^^^
  File "D:\Kuliah\sport\venv\Lib\site-packages\django\contrib\sessions\backends\base.py", line 66, in __delitem__
    del self._session[key]
        ~~~~~~~~~~~~~^^^^^
KeyError: '_password_reset_token'
ERROR 2025-05-31 20:50:15,175 basehttp "POST /auth/password-reset-confirm/MjM/cqopuy-f0a103aa5dd0c12f87ac450fbf858e96/ HTTP/1.1" 500 91839
